Performing C++ SOURCE FILE Test HAVE_CXA_DEMANGLE failed with the following output:
Change Dir: /Users/hadialzayer/Documents/umd/cs701/hw2/CMakeFiles/CMakeScratch/TryCompile-3E07hE

Run Build Command(s):/usr/bin/make -f Makefile cmTC_186a3/fast && /Applications/Xcode.app/Contents/Developer/usr/bin/make  -f CMakeFiles/cmTC_186a3.dir/build.make CMakeFiles/cmTC_186a3.dir/build
Building CXX object CMakeFiles/cmTC_186a3.dir/src.cxx.o
/Applications/Xcode.app/Contents/Developer/Toolchains/XcodeDefault.xctoolchain/usr/bin/c++ -DHAVE_CXA_DEMANGLE  -std=c++11 -DNDEBUG -stdlib=libc++  -arch arm64 -isysroot /Applications/Xcode.app/Contents/Developer/Platforms/MacOSX.platform/Developer/SDKs/MacOSX13.1.sdk -mmacosx-version-min=13.0 -MD -MT CMakeFiles/cmTC_186a3.dir/src.cxx.o -MF CMakeFiles/cmTC_186a3.dir/src.cxx.o.d -o CMakeFiles/cmTC_186a3.dir/src.cxx.o -c /Users/hadialzayer/Documents/umd/cs701/hw2/CMakeFiles/CMakeScratch/TryCompile-3E07hE/src.cxx
/Users/hadialzayer/Documents/umd/cs701/hw2/CMakeFiles/CMakeScratch/TryCompile-3E07hE/src.cxx:4:37: error: member access into incomplete type 'const std::type_info'
    const char *foo = typeid(foobar).name();
                                    ^
/Applications/Xcode.app/Contents/Developer/Platforms/MacOSX.platform/Developer/SDKs/MacOSX13.1.sdk/usr/include/c++/v1/cxxabi.h:32:7: note: forward declaration of 'std::type_info'
class type_info; // forward declaration
      ^
1 error generated.
make[1]: *** [CMakeFiles/cmTC_186a3.dir/src.cxx.o] Error 1
make: *** [cmTC_186a3/fast] Error 2


Source file was:
#include <cxxabi.h>
int main(void){
    int foobar = 0;
    const char *foo = typeid(foobar).name();
    int status;
    char *demangled = abi::__cxa_demangle( foo, 0, 0, &status );
}

Performing C SOURCE FILE Test HAVE___DECLSPEC_DLLEXPORT_ failed with the following output:
Change Dir: /Users/hadialzayer/Documents/umd/cs701/hw2/CMakeFiles/CMakeScratch/TryCompile-AQ5YsR

Run Build Command(s):/usr/bin/make -f Makefile cmTC_aa5db/fast && /Applications/Xcode.app/Contents/Developer/usr/bin/make  -f CMakeFiles/cmTC_aa5db.dir/build.make CMakeFiles/cmTC_aa5db.dir/build
Building C object CMakeFiles/cmTC_aa5db.dir/src.c.o
/Applications/Xcode.app/Contents/Developer/Toolchains/XcodeDefault.xctoolchain/usr/bin/cc -DHAVE___DECLSPEC_DLLEXPORT_  -Wall  -arch arm64 -isysroot /Applications/Xcode.app/Contents/Developer/Platforms/MacOSX.platform/Developer/SDKs/MacOSX13.1.sdk -mmacosx-version-min=13.0 -MD -MT CMakeFiles/cmTC_aa5db.dir/src.c.o -MF CMakeFiles/cmTC_aa5db.dir/src.c.o.d -o CMakeFiles/cmTC_aa5db.dir/src.c.o -c /Users/hadialzayer/Documents/umd/cs701/hw2/CMakeFiles/CMakeScratch/TryCompile-AQ5YsR/src.c
/Users/hadialzayer/Documents/umd/cs701/hw2/CMakeFiles/CMakeScratch/TryCompile-AQ5YsR/src.c:1:1: error: '__declspec' attributes are not enabled; use '-fdeclspec' or '-fms-extensions' to enable support for __declspec attributes
__declspec(dllexport) void func(); void func() { } int main() { func(); return 0; }
^
1 error generated.
make[1]: *** [CMakeFiles/cmTC_aa5db.dir/src.c.o] Error 1
make: *** [cmTC_aa5db/fast] Error 2


Source file was:
__declspec(dllexport) void func(); void func() { } int main() { func(); return 0; }

Performing C SOURCE FILE Test HAVE___DECLSPEC_DLLIMPORT_ failed with the following output:
Change Dir: /Users/hadialzayer/Documents/umd/cs701/hw2/CMakeFiles/CMakeScratch/TryCompile-nPbOTf

Run Build Command(s):/usr/bin/make -f Makefile cmTC_0ff98/fast && /Applications/Xcode.app/Contents/Developer/usr/bin/make  -f CMakeFiles/cmTC_0ff98.dir/build.make CMakeFiles/cmTC_0ff98.dir/build
Building C object CMakeFiles/cmTC_0ff98.dir/src.c.o
/Applications/Xcode.app/Contents/Developer/Toolchains/XcodeDefault.xctoolchain/usr/bin/cc -DHAVE___DECLSPEC_DLLIMPORT_  -Wall  -arch arm64 -isysroot /Applications/Xcode.app/Contents/Developer/Platforms/MacOSX.platform/Developer/SDKs/MacOSX13.1.sdk -mmacosx-version-min=13.0 -MD -MT CMakeFiles/cmTC_0ff98.dir/src.c.o -MF CMakeFiles/cmTC_0ff98.dir/src.c.o.d -o CMakeFiles/cmTC_0ff98.dir/src.c.o -c /Users/hadialzayer/Documents/umd/cs701/hw2/CMakeFiles/CMakeScratch/TryCompile-nPbOTf/src.c
/Users/hadialzayer/Documents/umd/cs701/hw2/CMakeFiles/CMakeScratch/TryCompile-nPbOTf/src.c:1:1: error: '__declspec' attributes are not enabled; use '-fdeclspec' or '-fms-extensions' to enable support for __declspec attributes
__declspec(dllimport) void func(); void func() { } int main() { func(); return 0; }
^
1 error generated.
make[1]: *** [CMakeFiles/cmTC_0ff98.dir/src.c.o] Error 1
make: *** [cmTC_0ff98/fast] Error 2


Source file was:
__declspec(dllimport) void func(); void func() { } int main() { func(); return 0; }

